
RAxML-NG v. 1.2.2 released on 11.04.2024 by The Exelixis Lab.
Developed by: Alexey M. Kozlov and Alexandros Stamatakis.
Contributors: Diego Darriba, Tomas Flouri, Benoit Morel, Sarah Lutteropp, Ben Bettisworth, Julia Haag, Anastasis Togkousidis.
Latest version: https://github.com/amkozlov/raxml-ng
Questions/problems/suggestions? Please visit: https://groups.google.com/forum/#!forum/raxml

System: Intel(R) Core(TM) i5-8365U CPU @ 1.60GHz, 4 cores, 15 GB RAM

RAxML-NG was called at 04-Mar-2025 16:24:38 as follows:

raxml-ng --msa ../Bombus_terrestris_dalmatinus-alligned-muscle.fasta --model K80 --prefix Kamura2

Analysis options:
  run mode: ML tree search
  start tree(s): random (10) + parsimony (10)
  random seed: 1741127078
  tip-inner: OFF
  pattern compression: ON
  per-rate scalers: OFF
  site repeats: ON
  logLH epsilon: general: 10.000000, brlen-triplet: 1000.000000
  fast spr radius: AUTO
  spr subtree cutoff: 1.000000
  fast CLV updates: ON
  branch lengths: proportional (ML estimate, algorithm: NR-FAST)
  SIMD kernels: AVX2
  parallelization: coarse-grained (auto), PTHREADS (auto)

[00:00:00] Reading alignment from file: ../Bombus_terrestris_dalmatinus-alligned-muscle.fasta
[00:00:00] Loaded alignment with 120 taxa and 373 sites

WARNING: Sequences Bayatbadem_2 and Bayatbadem_26 are exactly identical!
WARNING: Sequences Bayatbadem_2 and Bayatbadem_28 are exactly identical!
WARNING: Sequences Bayatbadem_2 and Bayatbadem_4 are exactly identical!
WARNING: Sequences Bayatbadem_2 and Bayatbadem_24 are exactly identical!
WARNING: Sequences Bayatbadem_2 and Bayatbadem_6 are exactly identical!
WARNING: Sequences Phaselis_16 and Phaselis_2 are exactly identical!
WARNING: Sequences Aksu_14 and Aksu_24 are exactly identical!
WARNING: Sequences Aksu_14 and Aksu_26 are exactly identical!
WARNING: Sequences Aksu_14 and Aksu_4 are exactly identical!
WARNING: Sequences Aksu_10 and Aksu_12 are exactly identical!
WARNING: Sequences Aksu_8 and Firm_118 are exactly identical!
WARNING: Sequences Aksu_8 and Firm_92 are exactly identical!
WARNING: Sequences Firm_32 and Firm_58 are exactly identical!
WARNING: Sequences Bayatbadem_16 and Bayatbadem_18 are exactly identical!
WARNING: Sequences Bayatbadem_16 and Bayatbadem_20 are exactly identical!
WARNING: Sequences Geyikbayir_24 and Geyikbayir_6 are exactly identical!
WARNING: Sequences Geyikbayir_24 and Geyikbayir_2 are exactly identical!
WARNING: Sequences Geyikbayir_24 and Geyikbayir_26 are exactly identical!
WARNING: Sequences Geyikbayir_24 and Geyikbayir_28 are exactly identical!
WARNING: Sequences Geyikbayir_24 and Geyikbayir_4 are exactly identical!
WARNING: Sequences Phaselis_26 and Phaselis_28 are exactly identical!
WARNING: Sequences Phaselis_26 and Phaselis_30 are exactly identical!
WARNING: Sequences Phaselis_26 and Phaselis_4 are exactly identical!
WARNING: Sequences Phaselis_26 and Phaselis_6 are exactly identical!
WARNING: Sequences Phaselis_26 and Phaselis_8 are exactly identical!
WARNING: Sequences Termessos_18 and Termessos_24 are exactly identical!
WARNING: Sequences Termessos_18 and Termessos_26 are exactly identical!
WARNING: Sequences Termessos_18 and Termessos_6 are exactly identical!
WARNING: Sequences Firm_2 and Firm_28 are exactly identical!
WARNING: Sequences Firm_78 and Firm_82 are exactly identical!
WARNING: Sequences Termessos_1 and Termessos_2 are exactly identical!
WARNING: Sequences Termessos_1 and Termessos_27 are exactly identical!
WARNING: Sequences Termessos_1 and Termessos_28 are exactly identical!
WARNING: Sequences Termessos_1 and Termessos_29 are exactly identical!
WARNING: Sequences Termessos_1 and Termessos_3 are exactly identical!
WARNING: Sequences Termessos_1 and Termessos are exactly identical!
WARNING: Sequences Termessos_1 and Termessos_30 are exactly identical!
WARNING: Sequences Termessos_1 and Termessos_7 are exactly identical!
WARNING: Sequences Termessos_1 and Termessos_4 are exactly identical!
WARNING: Sequences Termessos_1 and Termessos_5 are exactly identical!
WARNING: Sequences Firm_70 and Firm_86 are exactly identical!
WARNING: Sequences Kumluca_12 and Kumluca_18 are exactly identical!
WARNING: Sequences Kumluca_12 and Kumluca_4 are exactly identical!
WARNING: Sequences Geyikbayir_13 and Geyikbayir_23 are exactly identical!
WARNING: Sequences Geyikbayir_13 and Geyikbayir_7 are exactly identical!
WARNING: Sequences Demre_7 and Demre_8 are exactly identical!
WARNING: Sequences Kumluca_6 and Kumluca_7 are exactly identical!
WARNING: Sequences Kumluca_6 and Kumluca_5 are exactly identical!
WARNING: Sequences Kumluca_6 and Kumluca_3 are exactly identical!
WARNING: Sequences Kumluca_6 and Kumluca_28 are exactly identical!
WARNING: Sequences Kumluca_6 and Kumluca_27 are exactly identical!
WARNING: Sequences Kumluca_6 and Kumluca_26 are exactly identical!
WARNING: Sequences Kumluca_6 and Kumluca_25 are exactly identical!
WARNING: Sequences Kumluca_6 and Kumluca_24 are exactly identical!
WARNING: Sequences Kumluca_6 and Kumluca_23 are exactly identical!
WARNING: Sequences Kumluca_6 and Kumluca_2 are exactly identical!
WARNING: Sequences Kumluca_6 and Kumluca_1 are exactly identical!
WARNING: Sequences Kumluca_6 and Geyikbayir_5 are exactly identical!
WARNING: Sequences Kumluca_6 and Geyikbayir_3 are exactly identical!
WARNING: Sequences Kumluca_6 and Geyikbayir_27 are exactly identical!
WARNING: Sequences Kumluca_6 and Geyikbayir_25 are exactly identical!
WARNING: Sequences Kumluca_6 and Geyikbayir_21 are exactly identical!
WARNING: Sequences Kumluca_6 and Geyikbayir_1 are exactly identical!
WARNING: Sequences Kumluca_6 and Firm_3 are exactly identical!
WARNING: Sequences Kumluca_6 and Firm_145 are exactly identical!
WARNING: Sequences Kumluca_6 and Firm_146 are exactly identical!
WARNING: Sequences Kumluca_6 and Firm_1 are exactly identical!
WARNING: Sequences Kumluca_6 and Phaselis_5 are exactly identical!
WARNING: Sequences Kumluca_6 and Phaselis_3 are exactly identical!
WARNING: Sequences Kumluca_6 and Phaselis_29 are exactly identical!
WARNING: Sequences Kumluca_6 and Phaselis_27 are exactly identical!
WARNING: Sequences Kumluca_6 and Phaselis_25 are exactly identical!
WARNING: Sequences Kumluca_6 and Phaselis_23 are exactly identical!
WARNING: Sequences Kumluca_6 and Phaselis_1 are exactly identical!
WARNING: Sequences Kumluca_6 and Demre_6 are exactly identical!
WARNING: Sequences Kumluca_6 and Demre_5 are exactly identical!
WARNING: Sequences Kumluca_6 and Demre_4 are exactly identical!
WARNING: Sequences Kumluca_6 and Demre_3 are exactly identical!
WARNING: Sequences Kumluca_6 and Demre_22 are exactly identical!
WARNING: Sequences Kumluca_6 and Demre_21 are exactly identical!
WARNING: Sequences Kumluca_6 and Demre_20 are exactly identical!
WARNING: Sequences Kumluca_6 and Demre_2 are exactly identical!
WARNING: Sequences Kumluca_6 and Demre_19 are exactly identical!
WARNING: Sequences Kumluca_6 and Demre_18 are exactly identical!
WARNING: Sequences Kumluca_6 and Demre_17 are exactly identical!
WARNING: Sequences Kumluca_6 and Demre_16 are exactly identical!
WARNING: Sequences Kumluca_6 and Demre_1 are exactly identical!
WARNING: Sequences Kumluca_6 and Bayatbadem_5 are exactly identical!
WARNING: Sequences Kumluca_6 and Bayatbadem_3 are exactly identical!
WARNING: Sequences Kumluca_6 and Bayatbadem_27 are exactly identical!
WARNING: Sequences Kumluca_6 and Bayatbadem_25 are exactly identical!
WARNING: Sequences Kumluca_6 and Bayatbadem_23 are exactly identical!
WARNING: Sequences Kumluca_6 and Bayatbadem_1 are exactly identical!
WARNING: Sequences Kumluca_6 and Aksu_13 are exactly identical!
WARNING: Sequences Kumluca_6 and Aksu_3 are exactly identical!
WARNING: Sequences Kumluca_6 and Aksu_28 are exactly identical!
WARNING: Sequences Kumluca_6 and Aksu_27 are exactly identical!
WARNING: Sequences Kumluca_6 and Aksu_25 are exactly identical!
WARNING: Sequences Kumluca_6 and Aksu_2 are exactly identical!
WARNING: Sequences Kumluca_6 and Aksu_1 are exactly identical!
WARNING: Duplicate sequences found: 100

NOTE: Reduced alignment (with duplicates and gap-only sites/taxa removed) 
NOTE: was saved to: /home/michael-hall/Desktop/myProject/alignmentmethods/muscle/Kamura2/Kamura2.raxml.reduced.phy

Alignment comprises 1 partitions and 35 patterns

Partition 0: noname
Model: K80
Alignment sites / patterns: 373 / 35
Gaps: 0.00 %
Invariant sites: 89.01 %


NOTE: Binary MSA file created: Kamura2.raxml.rba

Parallelization scheme autoconfig: 4 worker(s) x 1 thread(s)

[00:00:00] Generating 10 random starting tree(s) with 120 taxa
[00:00:00] Generating 10 parsimony starting tree(s) with 120 taxa
Parallel parsimony with 4 threads
Parallel reduction/worker buffer size: 1 KB  / 0 KB

[00:00:00] Data distribution: max. partitions/sites/weight per thread: 1 / 35 / 140
[00:00:00] Data distribution: max. searches per worker: 5

Starting ML tree search with 20 distinct starting trees

[00:00:00 -11801.692307] Initial branch length optimization
[00:00:00 -4770.473394] Model parameter optimization (eps = 10.000000)
[00:00:00 -4756.070290] AUTODETECT spr round 1 (radius: 5)
[00:00:00 -2375.317061] AUTODETECT spr round 2 (radius: 10)
[00:00:00 -1971.089882] AUTODETECT spr round 3 (radius: 15)
[00:00:00 -1717.247551] AUTODETECT spr round 4 (radius: 20)
[00:00:00 -1655.773759] AUTODETECT spr round 5 (radius: 25)
[00:00:00 -1655.751348] SPR radius for FAST iterations: 20 (autodetect)
[00:00:00 -1655.751348] Model parameter optimization (eps = 3.000000)
[00:00:00 -1654.853875] FAST spr round 1 (radius: 20)
[00:00:00 -1287.188060] FAST spr round 2 (radius: 20)
[00:00:00 -1283.530293] Model parameter optimization (eps = 1.000000)
[00:00:00 -1283.477807] SLOW spr round 1 (radius: 5)
[00:00:00 -1283.477759] SLOW spr round 2 (radius: 10)
[00:00:00 -1283.477759] SLOW spr round 3 (radius: 15)
[00:00:00 -1281.284536] SLOW spr round 4 (radius: 20)
[00:00:00 -1280.800941] SLOW spr round 5 (radius: 25)
[00:00:00 -1280.800941] Model parameter optimization (eps = 0.100000)

[00:00:00] [worker #0] ML tree search #1, logLikelihood: -1280.800929

[00:00:00 -11794.473100] Initial branch length optimization
[00:00:00 -4799.071655] Model parameter optimization (eps = 10.000000)
[00:00:00 -4772.252211] AUTODETECT spr round 1 (radius: 5)
[00:00:00 -2431.441053] AUTODETECT spr round 2 (radius: 10)
[00:00:00] [worker #2] ML tree search #3, logLikelihood: -1090.516295
[00:00:00 -1755.045474] AUTODETECT spr round 3 (radius: 15)
[00:00:00] [worker #1] ML tree search #2, logLikelihood: -1252.251236
[00:00:00 -1338.644834] AUTODETECT spr round 4 (radius: 20)
[00:00:01] [worker #3] ML tree search #4, logLikelihood: -1079.231714
[00:00:01 -1325.222843] AUTODETECT spr round 5 (radius: 25)
[00:00:01 -1325.219720] SPR radius for FAST iterations: 20 (autodetect)
[00:00:01 -1325.219720] Model parameter optimization (eps = 3.000000)
[00:00:01 -1324.957888] FAST spr round 1 (radius: 20)
[00:00:01 -1102.621462] FAST spr round 2 (radius: 20)
[00:00:01 -1083.845189] FAST spr round 3 (radius: 20)
[00:00:01 -1083.842474] Model parameter optimization (eps = 1.000000)
[00:00:01 -1083.263665] SLOW spr round 1 (radius: 5)
[00:00:01 -1083.263062] SLOW spr round 2 (radius: 10)
[00:00:01 -1083.262766] SLOW spr round 3 (radius: 15)
[00:00:01 -1083.262604] SLOW spr round 4 (radius: 20)
[00:00:01 -1083.262509] SLOW spr round 5 (radius: 25)
[00:00:01 -1083.262450] Model parameter optimization (eps = 0.100000)

[00:00:01] [worker #0] ML tree search #5, logLikelihood: -1083.262428

[00:00:01 -11717.288660] Initial branch length optimization
[00:00:01 -4679.239534] Model parameter optimization (eps = 10.000000)
[00:00:01 -4647.977416] AUTODETECT spr round 1 (radius: 5)
[00:00:01 -2299.138064] AUTODETECT spr round 2 (radius: 10)
[00:00:01 -1926.972199] AUTODETECT spr round 3 (radius: 15)
[00:00:01] [worker #2] ML tree search #7, logLikelihood: -1079.231722
[00:00:01] [worker #1] ML tree search #6, logLikelihood: -1068.193429
[00:00:01 -1831.852269] AUTODETECT spr round 4 (radius: 20)
[00:00:01 -1563.946637] AUTODETECT spr round 5 (radius: 25)
[00:00:01] [worker #3] ML tree search #8, logLikelihood: -1066.351080
[00:00:01 -1563.946637] SPR radius for FAST iterations: 20 (autodetect)
[00:00:01 -1563.946637] Model parameter optimization (eps = 3.000000)
[00:00:02 -1563.511460] FAST spr round 1 (radius: 20)
[00:00:02 -1228.367233] FAST spr round 2 (radius: 20)
[00:00:02 -1148.083421] FAST spr round 3 (radius: 20)
[00:00:02 -1138.131713] Model parameter optimization (eps = 1.000000)
[00:00:02 -1136.750387] SLOW spr round 1 (radius: 5)
[00:00:02] [worker #2] ML tree search #11, logLikelihood: -1075.481342
[00:00:02 -1136.750189] SLOW spr round 2 (radius: 10)
[00:00:02] [worker #3] ML tree search #12, logLikelihood: -1087.191911
[00:00:02 -1083.313428] SLOW spr round 3 (radius: 5)
[00:00:02 -1083.313364] SLOW spr round 4 (radius: 10)
[00:00:02 -1083.313320] SLOW spr round 5 (radius: 15)
[00:00:02 -1083.313290] SLOW spr round 6 (radius: 20)
[00:00:02] [worker #2] ML tree search #15, logLikelihood: -1083.648509
[00:00:02] [worker #3] ML tree search #16, logLikelihood: -1086.694195
[00:00:02 -1083.313270] SLOW spr round 7 (radius: 25)
[00:00:02 -1083.313255] Model parameter optimization (eps = 0.100000)

[00:00:02] [worker #0] ML tree search #9, logLikelihood: -1083.262349

[00:00:02 -9490.800282] Initial branch length optimization
[00:00:02 -1098.827202] Model parameter optimization (eps = 10.000000)
[00:00:02 -1094.533260] AUTODETECT spr round 1 (radius: 5)
[00:00:03 -1094.532748] SPR radius for FAST iterations: 5 (autodetect)
[00:00:03 -1094.532748] Model parameter optimization (eps = 3.000000)
[00:00:03 -1094.532725] FAST spr round 1 (radius: 5)
[00:00:03 -1094.532723] Model parameter optimization (eps = 1.000000)
[00:00:03 -1094.532723] SLOW spr round 1 (radius: 5)
[00:00:03 -1094.532723] SLOW spr round 2 (radius: 10)
[00:00:03 -1084.569768] SLOW spr round 3 (radius: 15)
[00:00:03] [worker #2] ML tree search #19, logLikelihood: -1082.329572
[00:00:03 -1084.567099] SLOW spr round 4 (radius: 20)
[00:00:03] [worker #3] ML tree search #20, logLikelihood: -1082.329579
[00:00:03 -1084.566170] SLOW spr round 5 (radius: 25)
[00:00:03 -1084.565752] Model parameter optimization (eps = 0.100000)

[00:00:03] [worker #0] ML tree search #13, logLikelihood: -1084.428878

[00:00:03 -9477.134336] Initial branch length optimization
[00:00:03 -1068.120424] Model parameter optimization (eps = 10.000000)
[00:00:03 -1063.133459] AUTODETECT spr round 1 (radius: 5)
[00:00:03 -1062.649629] AUTODETECT spr round 2 (radius: 10)
[00:00:03 -1062.649617] SPR radius for FAST iterations: 5 (autodetect)
[00:00:03 -1062.649617] Model parameter optimization (eps = 3.000000)
[00:00:03 -1062.649617] FAST spr round 1 (radius: 5)
[00:00:03 -1062.649614] Model parameter optimization (eps = 1.000000)
[00:00:03 -1062.649614] SLOW spr round 1 (radius: 5)
[00:00:03 -1062.649614] SLOW spr round 2 (radius: 10)
[00:00:03 -1062.649614] SLOW spr round 3 (radius: 15)
[00:00:03 -1062.649614] SLOW spr round 4 (radius: 20)
[00:00:03] [worker #1] ML tree search #10, logLikelihood: -1062.649156
[00:00:03 -1062.649614] SLOW spr round 5 (radius: 25)
[00:00:03 -1062.649614] Model parameter optimization (eps = 0.100000)

[00:00:03] [worker #0] ML tree search #17, logLikelihood: -1062.649614

[00:00:04] [worker #1] ML tree search #14, logLikelihood: -1082.329695
[00:00:04] [worker #1] ML tree search #18, logLikelihood: -1082.329140

Optimized model parameters:

   Partition 0: noname
   Rate heterogeneity: NONE
   Base frequencies (model): 0.250000 0.250000 0.250000 0.250000 
   Substitution rates (ML): 1.000000 2.016877 1.000000 1.000000 2.016877 1.000000 


Final LogLikelihood: -1062.649156

AIC score: 2601.298311 / AICc score: 3450.283386 / BIC score: 3534.633975
Free parameters (model + branch lengths): 238

WARNING: Best ML tree contains 93 near-zero branches!

Best ML tree with collapsed near-zero branches saved to: /home/michael-hall/Desktop/myProject/alignmentmethods/muscle/Kamura2/Kamura2.raxml.bestTreeCollapsed
Best ML tree saved to: /home/michael-hall/Desktop/myProject/alignmentmethods/muscle/Kamura2/Kamura2.raxml.bestTree
All ML trees saved to: /home/michael-hall/Desktop/myProject/alignmentmethods/muscle/Kamura2/Kamura2.raxml.mlTrees
Optimized model saved to: /home/michael-hall/Desktop/myProject/alignmentmethods/muscle/Kamura2/Kamura2.raxml.bestModel

Execution log saved to: /home/michael-hall/Desktop/myProject/alignmentmethods/muscle/Kamura2/Kamura2.raxml.log

Analysis started: 04-Mar-2025 16:24:38 / finished: 04-Mar-2025 16:24:43

Elapsed time: 4.417 seconds

